<?xml version="1.0" encoding="UTF-8"?>
<!-- Generated by org.testng.reporters.JUnitXMLReporter -->
<testsuite hostname="Reddi-Kothapalli.local" name="firefox" tests="1" failures="0" timestamp="13 May 2020 14:27:18 GMT" time="5.688" errors="0">
  <testcase name="@BeforeClass loginApplication" time="0.0" classname="com.optimus.shopify.test.SearchAndAddProductTest">
    <failure type="org.openqa.selenium.ElementClickInterceptedException" message="element click intercepted: Element &amp;lt;a href=&amp;quot;#LoginModal&amp;quot; class=&amp;quot;js-modal-open-login-modal link--action btn btn--secondary&amp;quot; aria-haspopup=&amp;quot;dialog&amp;quot;&amp;gt;...&amp;lt;/a&amp;gt; is not clickable at point (1286, 42). Other element would receive the click: &amp;lt;div class=&amp;quot;modal__inner&amp;quot;&amp;gt;...&amp;lt;/div&amp;gt;
  (Session info: chrome=81.0.4044.138)
Build info: version: &amp;apos;3.13.0&amp;apos;, revision: &amp;apos;2f0d292&amp;apos;, time: &amp;apos;2018-06-25T15:24:21.231Z&amp;apos;
System info: host: &amp;apos;Reddi-Kothapalli.local&amp;apos;, ip: &amp;apos;fe80:0:0:0:1ca1:30a2:2567:797c%en0&amp;apos;, os.name: &amp;apos;Mac OS X&amp;apos;, os.arch: &amp;apos;x86_64&amp;apos;, os.version: &amp;apos;10.15.4&amp;apos;, java.version: &amp;apos;1.8.0_231&amp;apos;
Driver info: org.openqa.selenium.chrome.ChromeDriver
Capabilities {acceptInsecureCerts: true, browserName: chrome, browserVersion: 81.0.4044.138, chrome: {chromedriverVersion: 81.0.4044.138 (8c6c7ba89cc9..., userDataDir: /var/folders/gm/rp8ghlv94xn...}, goog:chromeOptions: {debuggerAddress: localhost:52835}, javascriptEnabled: true, networkConnectionEnabled: false, pageLoadStrategy: normal, platform: MAC, platformName: MAC, proxy: Proxy(), setWindowRect: true, strictFileInteractability: false, timeouts: {implicit: 0, pageLoad: 300000, script: 30000}, unhandledPromptBehavior: dismiss and notify, webauthn:virtualAuthenticators: true}
Session ID: 6079d71b56dd1198db2044db63f50027">
      <![CDATA[org.openqa.selenium.ElementClickInterceptedException: element click intercepted: Element <a href="#LoginModal" class="js-modal-open-login-modal link--action btn btn--secondary" aria-haspopup="dialog">...</a> is not clickable at point (1286, 42). Other element would receive the click: <div class="modal__inner">...</div>
  (Session info: chrome=81.0.4044.138)
Build info: version: '3.13.0', revision: '2f0d292', time: '2018-06-25T15:24:21.231Z'
System info: host: 'Reddi-Kothapalli.local', ip: 'fe80:0:0:0:1ca1:30a2:2567:797c%en0', os.name: 'Mac OS X', os.arch: 'x86_64', os.version: '10.15.4', java.version: '1.8.0_231'
Driver info: org.openqa.selenium.chrome.ChromeDriver
Capabilities {acceptInsecureCerts: true, browserName: chrome, browserVersion: 81.0.4044.138, chrome: {chromedriverVersion: 81.0.4044.138 (8c6c7ba89cc9..., userDataDir: /var/folders/gm/rp8ghlv94xn...}, goog:chromeOptions: {debuggerAddress: localhost:52835}, javascriptEnabled: true, networkConnectionEnabled: false, pageLoadStrategy: normal, platform: MAC, platformName: MAC, proxy: Proxy(), setWindowRect: true, strictFileInteractability: false, timeouts: {implicit: 0, pageLoad: 300000, script: 30000}, unhandledPromptBehavior: dismiss and notify, webauthn:virtualAuthenticators: true}
Session ID: 6079d71b56dd1198db2044db63f50027
	at org.openqa.selenium.remote.http.W3CHttpResponseCodec.createException(W3CHttpResponseCodec.java:187)
	at org.openqa.selenium.remote.http.W3CHttpResponseCodec.decode(W3CHttpResponseCodec.java:122)
	at org.openqa.selenium.remote.http.W3CHttpResponseCodec.decode(W3CHttpResponseCodec.java:49)
	at org.openqa.selenium.remote.HttpCommandExecutor.execute(HttpCommandExecutor.java:158)
	at org.openqa.selenium.remote.service.DriverCommandExecutor.execute(DriverCommandExecutor.java:83)
	at org.openqa.selenium.remote.RemoteWebDriver.execute(RemoteWebDriver.java:548)
	at org.openqa.selenium.remote.RemoteWebElement.execute(RemoteWebElement.java:276)
	at org.openqa.selenium.remote.RemoteWebElement.click(RemoteWebElement.java:83)
	at org.openqa.selenium.support.pagefactory.internal.LocatingElementHandler.invoke(LocatingElementHandler.java:51)
	at com.sun.proxy.$Proxy11.click(Unknown Source)
	at com.optimus.shopify.pages.PasswordPage.loginApplication(PasswordPage.java:40)
	at com.optimus.shopify.test.SearchAndAddProductTest.loginApplication(SearchAndAddProductTest.java:21)
	at java.util.concurrent.FutureTask.run(FutureTask.java:266)
	at java.util.concurrent.ThreadPoolExecutor.runWorker(ThreadPoolExecutor.java:1149)
	at java.util.concurrent.ThreadPoolExecutor$Worker.run(ThreadPoolExecutor.java:624)
	at java.lang.Thread.run(Thread.java:748)
... Removed 24 stack frames]]>
    </failure>
  </testcase> <!-- @BeforeClass loginApplication -->
  <testcase name="@AfterClass closeDriver" time="0.0" classname="com.optimus.shopify.test.SearchAndAddProductTest">
    <skipped/>
  </testcase> <!-- @AfterClass closeDriver -->
  <testcase name="searchProduct" time="0.003" classname="com.optimus.shopify.test.SearchAndAddProductTest">
    <skipped/>
  </testcase> <!-- searchProduct -->
</testsuite> <!-- firefox -->
