<?xml version="1.0" encoding="UTF-8"?>
<!-- Generated by org.testng.reporters.JUnitXMLReporter -->
<testsuite hostname="Reddi-Kothapalli.local" name="Default test" tests="1" failures="0" timestamp="13 May 2020 17:44:54 GMT" time="0.027" errors="0">
  <testcase name="@BeforeClass launchBrowser" time="0.0" classname="com.optimus.shopify.test.SearchAndAddProductTest">
    <failure type="org.testng.TestNGException" message="
Parameter &amp;apos;browser&amp;apos; is required by @Configuration on method launchBrowser but has not been marked @Optional or defined
in /private/var/folders/gm/rp8ghlv94xn0rxtf1j49pyy1yl2s1y/T/testng-eclipse--1170464147/testng-customsuite.xml">
      <![CDATA[org.testng.TestNGException: 
Parameter 'browser' is required by @Configuration on method launchBrowser but has not been marked @Optional or defined
in /private/var/folders/gm/rp8ghlv94xn0rxtf1j49pyy1yl2s1y/T/testng-eclipse--1170464147/testng-customsuite.xml
	at org.testng.internal.Parameters.createParameters(Parameters.java:154)
	at org.testng.internal.Parameters.createParameters(Parameters.java:361)
	at org.testng.internal.Parameters.createConfigurationParameters(Parameters.java:84)
	at org.testng.internal.Invoker.invokeConfigurations(Invoker.java:202)
	at org.testng.internal.Invoker.invokeConfigurations(Invoker.java:143)
	at org.testng.internal.TestMethodWorker.invokeBeforeClassMethods(TestMethodWorker.java:178)
	at org.testng.internal.TestMethodWorker.run(TestMethodWorker.java:108)
	at org.testng.TestRunner.privateRun(TestRunner.java:778)
	at org.testng.TestRunner.run(TestRunner.java:632)
	at org.testng.SuiteRunner.runTest(SuiteRunner.java:366)
	at org.testng.SuiteRunner.runSequentially(SuiteRunner.java:361)
	at org.testng.SuiteRunner.privateRun(SuiteRunner.java:319)
	at org.testng.SuiteRunner.run(SuiteRunner.java:268)
	at org.testng.SuiteRunnerWorker.runSuite(SuiteRunnerWorker.java:52)
	at org.testng.SuiteRunnerWorker.run(SuiteRunnerWorker.java:86)
	at org.testng.TestNG.runSuitesSequentially(TestNG.java:1225)
	at org.testng.TestNG.runSuitesLocally(TestNG.java:1150)
	at org.testng.TestNG.runSuites(TestNG.java:1075)
	at org.testng.TestNG.run(TestNG.java:1047)
	at org.testng.remote.AbstractRemoteTestNG.run(AbstractRemoteTestNG.java:126)
	at org.testng.remote.RemoteTestNG.initAndRun(RemoteTestNG.java:137)
	at org.testng.remote.RemoteTestNG.main(RemoteTestNG.java:58)
]]>
    </failure>
  </testcase> <!-- @BeforeClass launchBrowser -->
  <testcase name="@BeforeClass loginApplication" time="0.0" classname="com.optimus.shopify.test.SearchAndAddProductTest">
    <skipped/>
  </testcase> <!-- @BeforeClass loginApplication -->
  <testcase name="@AfterClass closeDriver" time="0.0" classname="com.optimus.shopify.test.SearchAndAddProductTest">
    <skipped/>
  </testcase> <!-- @AfterClass closeDriver -->
  <testcase name="searchProduct" time="0.001" classname="com.optimus.shopify.test.SearchAndAddProductTest">
    <skipped/>
  </testcase> <!-- searchProduct -->
</testsuite> <!-- Default test -->
